<?xml version="1.0" encoding="UTF-8"?>
<!-- Generated by org.testng.reporters.JUnitReportReporter -->
<testsuite hostname="family" name="com.jenkins.JenkinsSelenium" tests="1" failures="0" timestamp="26 Oct 2016 23:59:46 GMT" time="0.022" errors="0">
  <testcase name="verifyTitle" time="0.022" classname="com.jenkins.JenkinsSelenium"/>
</testsuite> <!-- com.jenkins.JenkinsSelenium -->
